<?xml version="1.0" encoding="UTF-8"?>
<testsuite name="ParseXmlTest" tests="2" skipped="0" failures="0" errors="0" timestamp="2019-01-03T13:03:48" hostname="L10-PC0QPPHF" time="0.07">
  <properties/>
  <testcase name="should get brekfast menu for given xml file" classname="ParseXmlTest" time="0.066"/>
  <testcase name="Should throw Exception for Invalid File Name" classname="ParseXmlTest" time="0.004"/>
  <system-out><![CDATA[]]></system-out>
  <system-err><![CDATA[]]></system-err>
</testsuite>
