<?xml version="1.0" encoding="UTF-8"?>
<testsuite name="ParseJsonTest" tests="4" skipped="0" failures="0" errors="0" timestamp="2019-01-03T13:03:48" hostname="L10-PC0QPPHF" time="0.514">
  <properties/>
  <testcase name="should get breakfast menu for given xml file" classname="ParseJsonTest" time="0.481"/>
  <testcase name="should get breakfast menu for with sorted list order by asc" classname="ParseJsonTest" time="0.019"/>
  <testcase name="should get breakfast menu for with sorted list order by desc" classname="ParseJsonTest" time="0.005"/>
  <testcase name="Should throw Exception for Invalid File" classname="ParseJsonTest" time="0.006"/>
  <system-out><![CDATA[]]></system-out>
  <system-err><![CDATA[]]></system-err>
</testsuite>
