<?xml version="1.0" encoding="UTF-8"?>
<testsuite name="ParseJsonTest" tests="4" skipped="0" failures="0" errors="0" timestamp="2019-01-03T20:03:59" hostname="L10-PC0QPPHF" time="0.517">
  <properties/>
  <testcase name="should get breakfast menu for given xml file" classname="ParseJsonTest" time="0.49"/>
  <testcase name="should get breakfast menu for with sorted list order by asc" classname="ParseJsonTest" time="0.015"/>
  <testcase name="should get breakfast menu for with sorted list order by desc" classname="ParseJsonTest" time="0.004"/>
  <testcase name="Should throw Exception for Invalid File" classname="ParseJsonTest" time="0.005"/>
  <system-out><![CDATA[]]></system-out>
  <system-err><![CDATA[]]></system-err>
</testsuite>
